{"C:\\Users\\Matt\\Desktop\\repo\\testing-and-typescript\\src\\components\\Calculator.tsx": {"path":"C:\\Users\\Matt\\Desktop\\repo\\testing-and-typescript\\src\\components\\Calculator.tsx","statementMap":{"0":{"start":{"line":1,"column":0},"end":{"line":1,"column":39}},"1":{"start":{"line":3,"column":29},"end":{"line":16,"column":1}},"2":{"start":{"line":4,"column":20},"end":{"line":4,"column":48}},"3":{"start":{"line":5,"column":20},"end":{"line":5,"column":49}},"4":{"start":{"line":7,"column":4},"end":{"line":7,"column":52}},"5":{"start":{"line":7,"column":29},"end":{"line":7,"column":50}},"6":{"start":{"line":9,"column":4},"end":{"line":15,"column":5}},"7":{"start":{"line":10,"column":20},"end":{"line":10,"column":39}},"8":{"start":{"line":11,"column":23},"end":{"line":11,"column":32}},"9":{"start":{"line":12,"column":8},"end":{"line":12,"column":22}},"10":{"start":{"line":14,"column":8},"end":{"line":14,"column":20}},"11":{"start":{"line":18,"column":19},"end":{"line":42,"column":1}},"12":{"start":{"line":19,"column":49},"end":{"line":19,"column":116}},"13":{"start":{"line":21,"column":4},"end":{"line":41,"column":6}},"14":{"start":{"line":44,"column":0},"end":{"line":44,"column":26}}},"fnMap":{"0":{"name":"(anonymous_0)","decl":{"start":{"line":3,"column":29},"end":{"line":3,"column":34}},"loc":{"start":{"line":3,"column":76},"end":{"line":16,"column":1}}},"1":{"name":"(anonymous_1)","decl":{"start":{"line":7,"column":22},"end":{"line":7,"column":25}},"loc":{"start":{"line":7,"column":29},"end":{"line":7,"column":50}}},"2":{"name":"(anonymous_2)","decl":{"start":{"line":18,"column":19},"end":{"line":18,"column":22}},"loc":{"start":{"line":18,"column":24},"end":{"line":42,"column":1}}}},"branchMap":{"0":{"loc":{"start":{"line":9,"column":4},"end":{"line":15,"column":5}},"type":"if","locations":[{"start":{"line":9,"column":4},"end":{"line":15,"column":5}},{"start":{"line":13,"column":11},"end":{"line":15,"column":5}}]},"1":{"loc":{"start":{"line":9,"column":8},"end":{"line":9,"column":26}},"type":"binary-expr","locations":[{"start":{"line":9,"column":8},"end":{"line":9,"column":15}},{"start":{"line":9,"column":19},"end":{"line":9,"column":26}}]},"2":{"loc":{"start":{"line":39,"column":35},"end":{"line":39,"column":92}},"type":"cond-expr","locations":[{"start":{"line":39,"column":47},"end":{"line":39,"column":63}},{"start":{"line":39,"column":66},"end":{"line":39,"column":92}}]}},"s":{"0":1,"1":1,"2":1,"3":1,"4":1,"5":1,"6":1,"7":1,"8":1,"9":1,"10":0,"11":1,"12":5,"13":4,"14":1},"f":{"0":1,"1":1,"2":5},"b":{"0":[1,0],"1":[1,1],"2":[1,3]}}
}
